GET '/login'
POST '/login'
GET '/home'
POST '/generateKey'
Function generateRandomString
GET '/api/del/:key'
GET '/home'
POST '/api/forecast'
POST '/api/forecast'
POST '/api/forecast'
POST '/api/forecast'
POST '/api/forecast'
POST '/api/forecast'
POST '/api/forecast'
POST '/api/forecast'
POST '/api/forecast'
POST '/api/forecast'
POST '/api/forecast'
POST '/api/forecast'
POST '/api/forecast'
POST '/api/forecast'
POST '/api/forecast'
POST '/api/forecast'
POST '/api/forecast'
POST '/api/forecast'
POST '/api/forecast'
POST '/api/forecast'
POST '/api/forecast'
POST '/api/forecast'
POST '/api/forecast'
POST '/api/forecast'
POST '/api/forecast'
GET '/home'
GET '/home'
GET '/home'
GET '/home'
GET '/home'
POST '/api/forecast'
POST '/api/forecast'
GET '/home'
POST '/api/forecast'
POST '/api/forecast'
GET '/home'
GET '/home'
GET '/home'
GET '/home'
GET '/home'
POST '/api/forecast'
POST '/api/forecast'
POST '/api/forecast'
POST '/api/forecast'
POST '/api/forecast'
POST '/api/forecast'
POST '/api/forecast'
POST '/api/forecast'
POST '/api/forecast'
POST '/api/forecast'
POST '/api/forecast'
POST '/api/forecast'
POST '/api/forecast'
POST '/api/forecast'
POST '/api/forecast'
POST '/api/forecast'
POST '/api/forecast'
POST '/api/forecast'
