Getting data for city haarlemmermeer failed
(node:27639) UnhandledPromiseRejectionWarning: TypeError: Cannot read property 'city' of undefined
    at Timeout.setTimeout [as _onTimeout] (/home/ros/Desktop/repo/RosenW-DaliPeche/node-koa/src/api/update.js:27:27)
(node:27639) UnhandledPromiseRejectionWarning: Unhandled promise rejection. This error originated either by throwing inside of an async function without a catch block, or by rejecting a promise which was not handled with .catch(). (rejection id: 1)
(node:27639) [DEP0018] DeprecationWarning: Unhandled promise rejections are deprecated. In the future, promise rejections that are not handled will terminate the Node.js process with a non-zero exit code.
Getting data for city moscaow failed
Getting data for city mosqcow failed
(node:27639) UnhandledPromiseRejectionWarning: TypeError: Cannot read property 'city' of undefined
    at Timeout.setTimeout [as _onTimeout] (/home/ros/Desktop/repo/RosenW-DaliPeche/node-koa/src/api/update.js:27:27)
(node:27639) UnhandledPromiseRejectionWarning: Unhandled promise rejection. This error originated either by throwing inside of an async function without a catch block, or by rejecting a promise which was not handled with .catch(). (rejection id: 2)
(node:27639) UnhandledPromiseRejectionWarning: TypeError: Cannot read property 'city' of undefined
    at Timeout.setTimeout [as _onTimeout] (/home/ros/Desktop/repo/RosenW-DaliPeche/node-koa/src/api/update.js:27:27)
(node:27639) UnhandledPromiseRejectionWarning: Unhandled promise rejection. This error originated either by throwing inside of an async function without a catch block, or by rejecting a promise which was not handled with .catch(). (rejection id: 3)
Getting data for city sofiua failed
Getting data for city asdpleven failed
(node:27639) UnhandledPromiseRejectionWarning: TypeError: Cannot read property 'city' of undefined
    at Timeout.setTimeout [as _onTimeout] (/home/ros/Desktop/repo/RosenW-DaliPeche/node-koa/src/api/update.js:27:27)
(node:27639) UnhandledPromiseRejectionWarning: Unhandled promise rejection. This error originated either by throwing inside of an async function without a catch block, or by rejecting a promise which was not handled with .catch(). (rejection id: 4)
(node:27639) UnhandledPromiseRejectionWarning: TypeError: Cannot read property 'city' of undefined
    at Timeout.setTimeout [as _onTimeout] (/home/ros/Desktop/repo/RosenW-DaliPeche/node-koa/src/api/update.js:27:27)
(node:27639) UnhandledPromiseRejectionWarning: Unhandled promise rejection. This error originated either by throwing inside of an async function without a catch block, or by rejecting a promise which was not handled with .catch(). (rejection id: 5)
Getting data for city fakecity failed
(node:27639) UnhandledPromiseRejectionWarning: TypeError: Cannot read property 'city' of undefined
    at Timeout.setTimeout [as _onTimeout] (/home/ros/Desktop/repo/RosenW-DaliPeche/node-koa/src/api/update.js:27:27)
(node:27639) UnhandledPromiseRejectionWarning: Unhandled promise rejection. This error originated either by throwing inside of an async function without a catch block, or by rejecting a promise which was not handled with .catch(). (rejection id: 6)
Getting data for city barcelona failed
(node:27639) UnhandledPromiseRejectionWarning: TypeError: Cannot read property 'city' of undefined
    at Timeout.setTimeout [as _onTimeout] (/home/ros/Desktop/repo/RosenW-DaliPeche/node-koa/src/api/update.js:27:27)
(node:27639) UnhandledPromiseRejectionWarning: Unhandled promise rejection. This error originated either by throwing inside of an async function without a catch block, or by rejecting a promise which was not handled with .catch(). (rejection id: 7)
