2018-09-11T15:05:17.881Z:  Error: No total in post buy
2018-09-12T09:02:36.860Z:  TypeError: Assignment to constant variable.
2018-09-12T09:04:40.256Z:  TypeError: Assignment to constant variable.
2018-09-12T10:23:52.956Z:  TypeError: Assignment to constant variable.
2018-09-13T08:00:32.023Z:  Error: The partial navBar could not be found
2018-09-13T11:17:15.978Z:  Error: Parse error on line 8:
...ody>    {{> navBar {{username}} }}    
----------------------^
Expecting 'CLOSE_RAW_BLOCK', 'CLOSE', 'CLOSE_UNESCAPED', 'OPEN_SEXPR', 'CLOSE_SEXPR', 'ID', 'OPEN_BLOCK_PARAMS', 'STRING', 'NUMBER', 'BOOLEAN', 'UNDEFINED', 'NULL', 'DATA', 'SEP', got 'OPEN'
2018-09-13T11:23:03.956Z:  Error: Parse error on line 5:
...ogged in as: {{JSON.stringify(this)}} ({
-----------------------^
Expecting 'ID', got 'INVALID'
2018-09-13T11:33:44.658Z:  Error: Parse error on line 8:
...ody>    {{> navBar {{username}}}}    {
----------------------^
Expecting 'CLOSE_RAW_BLOCK', 'CLOSE', 'CLOSE_UNESCAPED', 'OPEN_SEXPR', 'CLOSE_SEXPR', 'ID', 'OPEN_BLOCK_PARAMS', 'STRING', 'NUMBER', 'BOOLEAN', 'UNDEFINED', 'NULL', 'DATA', 'SEP', got 'OPEN'
2018-09-13T14:06:51.012Z:  Error: Post /admin user has no permissions
2018-09-14T12:09:44.716Z:  Error: Post /admin user not found
2018-09-14T12:11:03.088Z:  Error: Post /admin user not found
2018-09-14T12:13:21.005Z:  Error: ENOENT: no such file or directory, open '/admin_form.hbs'
2018-09-14T12:14:09.481Z:  Error: Post /admin user not found
2018-09-14T12:22:09.726Z:  Error: ENOENT: no such file or directory, open '/admin_form.hbs'
2018-09-14T13:03:19.584Z:  Error: Error while querying: error: permission denied for relation countries
2018-09-14T13:04:24.237Z:  Error: Error while querying: error: permission denied for sequence countries_id_seq
2018-09-14T14:10:17.036Z:  Error: Error while querying: error: column reference "name" is ambiguous
2018-09-14T14:11:29.676Z:  Error: Error while querying: error: column ctr.country does not exist
