IP: ('10.20.1.149', 44772)
DATE: 2018-09-28 18:40:21.074584
GET / HTTP/1.1
Host: 10.20.1.149:8888
Connection: keep-alive
Cache-Control: max-age=0
Upgrade-Insecure-Requests: 1
User-Agent: Mozilla/5.0 (X11; Linux x86_64) AppleWebKit/537.36 (KHTML, like Gecko) Ubuntu Chromium/69.0.3497.81 Chrome/69.0.3497.81 Safari/537.36
Accept: text/html,application/xhtml+xml,application/xml;q=0.9,image/webp,image/apng,*/*;q=0.8
Accept-Encoding: gzip, deflate
Accept-Language: en-US,en;q=0.9

IP: ('10.20.1.149', 44774)
DATE: 2018-09-28 18:40:21.131564
GET /favicon.ico HTTP/1.1
Host: 10.20.1.149:8888
Connection: keep-alive
User-Agent: Mozilla/5.0 (X11; Linux x86_64) AppleWebKit/537.36 (KHTML, like Gecko) Ubuntu Chromium/69.0.3497.81 Chrome/69.0.3497.81 Safari/537.36
Accept: image/webp,image/apng,image/*,*/*;q=0.8
Referer: http://10.20.1.149:8888/
Accept-Encoding: gzip, deflate
Accept-Language: en-US,en;q=0.9

IP: ('127.0.0.1', 33794)
DATE: 2018-09-28 18:40:52.994207
GET / HTTP/1.1
Host: 127.0.0.1:8888
User-Agent: Mozilla/5.0 (X11; Ubuntu; Linux x86_64; rv:62.0) Gecko/20100101 Firefox/62.0
Accept: text/html,application/xhtml+xml,application/xml;q=0.9,*/*;q=0.8
Accept-Language: en-US,en;q=0.5
Accept-Encoding: gzip, deflate
Connection: keep-alive
Upgrade-Insecure-Requests: 1

IP: ('10.20.1.149', 44888)
DATE: 2018-09-28 18:42:32.988692
GET / HTTP/1.1
Host: 10.20.1.149:8888
Connection: keep-alive
Cache-Control: max-age=0
Upgrade-Insecure-Requests: 1
User-Agent: Mozilla/5.0 (X11; Linux x86_64) AppleWebKit/537.36 (KHTML, like Gecko) Ubuntu Chromium/69.0.3497.81 Chrome/69.0.3497.81 Safari/537.36
Accept: text/html,application/xhtml+xml,application/xml;q=0.9,image/webp,image/apng,*/*;q=0.8
Accept-Encoding: gzip, deflate
Accept-Language: en-US,en;q=0.9

IP: ('10.20.1.149', 44890)
DATE: 2018-09-28 18:42:33.068177
GET /favicon.ico HTTP/1.1
Host: 10.20.1.149:8888
Connection: keep-alive
User-Agent: Mozilla/5.0 (X11; Linux x86_64) AppleWebKit/537.36 (KHTML, like Gecko) Ubuntu Chromium/69.0.3497.81 Chrome/69.0.3497.81 Safari/537.36
Accept: image/webp,image/apng,image/*,*/*;q=0.8
Referer: http://10.20.1.149:8888/
Accept-Encoding: gzip, deflate
Accept-Language: en-US,en;q=0.9

IP: ('127.0.0.1', 33906)
DATE: 2018-09-28 18:42:48.764850
GET / HTTP/1.1
Host: 127.0.0.1:8888
User-Agent: Mozilla/5.0 (X11; Ubuntu; Linux x86_64; rv:62.0) Gecko/20100101 Firefox/62.0
Accept: text/html,application/xhtml+xml,application/xml;q=0.9,*/*;q=0.8
Accept-Language: en-US,en;q=0.5
Accept-Encoding: gzip, deflate
Connection: keep-alive
Upgrade-Insecure-Requests: 1

IP: ('127.0.0.1', 33916)
DATE: 2018-09-28 18:43:05.043573
GET / HTTP/1.1
Host: 127.0.0.1:8888
User-Agent: Mozilla/5.0 (X11; Ubuntu; Linux x86_64; rv:62.0) Gecko/20100101 Firefox/62.0
Accept: text/html,application/xhtml+xml,application/xml;q=0.9,*/*;q=0.8
Accept-Language: en-US,en;q=0.5
Accept-Encoding: gzip, deflate
Connection: keep-alive
Upgrade-Insecure-Requests: 1

IP: ('127.0.0.1', 33930)
DATE: 2018-09-28 18:43:19.994743
GET / HTTP/1.1
Host: 127.0.0.1:8888
User-Agent: Mozilla/5.0 (X11; Ubuntu; Linux x86_64; rv:62.0) Gecko/20100101 Firefox/62.0
Accept: text/html,application/xhtml+xml,application/xml;q=0.9,*/*;q=0.8
Accept-Language: en-US,en;q=0.5
Accept-Encoding: gzip, deflate
Connection: keep-alive
Upgrade-Insecure-Requests: 1

IP: ('127.0.0.1', 33932)
DATE: 2018-09-28 18:43:35.170727
GET / HTTP/1.1
Host: 127.0.0.1:8888
User-Agent: Mozilla/5.0 (X11; Ubuntu; Linux x86_64; rv:62.0) Gecko/20100101 Firefox/62.0
Accept: text/html,application/xhtml+xml,application/xml;q=0.9,*/*;q=0.8
Accept-Language: en-US,en;q=0.5
Accept-Encoding: gzip, deflate
Connection: keep-alive
Upgrade-Insecure-Requests: 1

IP: ('127.0.0.1', 33950)
DATE: 2018-09-28 18:44:04.277962
GET / HTTP/1.1
Host: 127.0.0.1:8888
User-Agent: Mozilla/5.0 (X11; Ubuntu; Linux x86_64; rv:62.0) Gecko/20100101 Firefox/62.0
Accept: text/html,application/xhtml+xml,application/xml;q=0.9,*/*;q=0.8
Accept-Language: en-US,en;q=0.5
Accept-Encoding: gzip, deflate
Connection: keep-alive
Upgrade-Insecure-Requests: 1

IP: ('127.0.0.1', 34256)
DATE: 2018-09-28 18:52:04.664368
GET / HTTP/1.1
Host: 127.0.0.1:8888
User-Agent: Mozilla/5.0 (X11; Ubuntu; Linux x86_64; rv:62.0) Gecko/20100101 Firefox/62.0
Accept: text/html,application/xhtml+xml,application/xml;q=0.9,*/*;q=0.8
Accept-Language: en-US,en;q=0.5
Accept-Encoding: gzip, deflate
Connection: keep-alive
Upgrade-Insecure-Requests: 1
Cache-Control: max-age=0

IP: ('127.0.0.1', 34282)
DATE: 2018-09-28 18:53:00.851570
GET / HTTP/1.1
Host: 127.0.0.1:8888
User-Agent: Mozilla/5.0 (X11; Ubuntu; Linux x86_64; rv:62.0) Gecko/20100101 Firefox/62.0
Accept: text/html,application/xhtml+xml,application/xml;q=0.9,*/*;q=0.8
Accept-Language: en-US,en;q=0.5
Accept-Encoding: gzip, deflate
Connection: keep-alive
Upgrade-Insecure-Requests: 1

IP: ('127.0.0.1', 34290)
DATE: 2018-09-28 18:53:21.802697
GET / HTTP/1.1
Host: 127.0.0.1:8888
User-Agent: Mozilla/5.0 (X11; Ubuntu; Linux x86_64; rv:62.0) Gecko/20100101 Firefox/62.0
Accept: text/html,application/xhtml+xml,application/xml;q=0.9,*/*;q=0.8
Accept-Language: en-US,en;q=0.5
Accept-Encoding: gzip, deflate
Connection: keep-alive
Upgrade-Insecure-Requests: 1

IP: ('127.0.0.1', 34292)
DATE: 2018-09-28 18:53:22.296054
GET / HTTP/1.1
Host: 127.0.0.1:8888
User-Agent: Mozilla/5.0 (X11; Ubuntu; Linux x86_64; rv:62.0) Gecko/20100101 Firefox/62.0
Accept: text/html,application/xhtml+xml,application/xml;q=0.9,*/*;q=0.8
Accept-Language: en-US,en;q=0.5
Accept-Encoding: gzip, deflate
Connection: keep-alive
Upgrade-Insecure-Requests: 1

IP: ('127.0.0.1', 34294)
DATE: 2018-09-28 18:53:22.921039
GET / HTTP/1.1
Host: 127.0.0.1:8888
User-Agent: Mozilla/5.0 (X11; Ubuntu; Linux x86_64; rv:62.0) Gecko/20100101 Firefox/62.0
Accept: text/html,application/xhtml+xml,application/xml;q=0.9,*/*;q=0.8
Accept-Language: en-US,en;q=0.5
Accept-Encoding: gzip, deflate
Connection: keep-alive
Upgrade-Insecure-Requests: 1

IP: ('127.0.0.1', 34296)
DATE: 2018-09-28 18:53:23.344244
GET / HTTP/1.1
Host: 127.0.0.1:8888
User-Agent: Mozilla/5.0 (X11; Ubuntu; Linux x86_64; rv:62.0) Gecko/20100101 Firefox/62.0
Accept: text/html,application/xhtml+xml,application/xml;q=0.9,*/*;q=0.8
Accept-Language: en-US,en;q=0.5
Accept-Encoding: gzip, deflate
Connection: keep-alive
Upgrade-Insecure-Requests: 1

IP: ('127.0.0.1', 34298)
DATE: 2018-09-28 18:53:23.585969
GET / HTTP/1.1
Host: 127.0.0.1:8888
User-Agent: Mozilla/5.0 (X11; Ubuntu; Linux x86_64; rv:62.0) Gecko/20100101 Firefox/62.0
Accept: text/html,application/xhtml+xml,application/xml;q=0.9,*/*;q=0.8
Accept-Language: en-US,en;q=0.5
Accept-Encoding: gzip, deflate
Connection: keep-alive
Upgrade-Insecure-Requests: 1

IP: ('127.0.0.1', 34320)
DATE: 2018-09-28 18:53:58.327826
GET / HTTP/1.1
Host: 127.0.0.1:8888
User-Agent: Mozilla/5.0 (X11; Ubuntu; Linux x86_64; rv:62.0) Gecko/20100101 Firefox/62.0
Accept: text/html,application/xhtml+xml,application/xml;q=0.9,*/*;q=0.8
Accept-Language: en-US,en;q=0.5
Accept-Encoding: gzip, deflate
Connection: keep-alive
Upgrade-Insecure-Requests: 1

IP: ('127.0.0.1', 34322)
DATE: 2018-09-28 18:53:58.787925
GET / HTTP/1.1
Host: 127.0.0.1:8888
User-Agent: Mozilla/5.0 (X11; Ubuntu; Linux x86_64; rv:62.0) Gecko/20100101 Firefox/62.0
Accept: text/html,application/xhtml+xml,application/xml;q=0.9,*/*;q=0.8
Accept-Language: en-US,en;q=0.5
Accept-Encoding: gzip, deflate
Connection: keep-alive
Upgrade-Insecure-Requests: 1

IP: ('127.0.0.1', 34324)
DATE: 2018-09-28 18:53:59.103087
GET / HTTP/1.1
Host: 127.0.0.1:8888
User-Agent: Mozilla/5.0 (X11; Ubuntu; Linux x86_64; rv:62.0) Gecko/20100101 Firefox/62.0
Accept: text/html,application/xhtml+xml,application/xml;q=0.9,*/*;q=0.8
Accept-Language: en-US,en;q=0.5
Accept-Encoding: gzip, deflate
Connection: keep-alive
Upgrade-Insecure-Requests: 1

IP: ('127.0.0.1', 34326)
DATE: 2018-09-28 18:53:59.262539
GET / HTTP/1.1
Host: 127.0.0.1:8888
User-Agent: Mozilla/5.0 (X11; Ubuntu; Linux x86_64; rv:62.0) Gecko/20100101 Firefox/62.0
Accept: text/html,application/xhtml+xml,application/xml;q=0.9,*/*;q=0.8
Accept-Language: en-US,en;q=0.5
Accept-Encoding: gzip, deflate
Connection: keep-alive
Upgrade-Insecure-Requests: 1

IP: ('127.0.0.1', 34356)
DATE: 2018-09-28 18:55:06.263884
GET / HTTP/1.1
Host: 127.0.0.1:8888
User-Agent: Mozilla/5.0 (X11; Ubuntu; Linux x86_64; rv:62.0) Gecko/20100101 Firefox/62.0
Accept: text/html,application/xhtml+xml,application/xml;q=0.9,*/*;q=0.8
Accept-Language: en-US,en;q=0.5
Accept-Encoding: gzip, deflate
Connection: keep-alive
Upgrade-Insecure-Requests: 1

IP: ('127.0.0.1', 34358)
DATE: 2018-09-28 18:55:07.290994
GET / HTTP/1.1
Host: 127.0.0.1:8888
User-Agent: Mozilla/5.0 (X11; Ubuntu; Linux x86_64; rv:62.0) Gecko/20100101 Firefox/62.0
Accept: text/html,application/xhtml+xml,application/xml;q=0.9,*/*;q=0.8
Accept-Language: en-US,en;q=0.5
Accept-Encoding: gzip, deflate
Connection: keep-alive
Upgrade-Insecure-Requests: 1

IP: ('127.0.0.1', 34362)
DATE: 2018-09-28 18:55:11.971906
GET / HTTP/1.1
Host: 127.0.0.1:8888
User-Agent: Mozilla/5.0 (X11; Ubuntu; Linux x86_64; rv:62.0) Gecko/20100101 Firefox/62.0
Accept: text/html,application/xhtml+xml,application/xml;q=0.9,*/*;q=0.8
Accept-Language: en-US,en;q=0.5
Accept-Encoding: gzip, deflate
Connection: keep-alive
Upgrade-Insecure-Requests: 1

IP: ('127.0.0.1', 34364)
DATE: 2018-09-28 18:55:13.011893
GET / HTTP/1.1
Host: 127.0.0.1:8888
User-Agent: Mozilla/5.0 (X11; Ubuntu; Linux x86_64; rv:62.0) Gecko/20100101 Firefox/62.0
Accept: text/html,application/xhtml+xml,application/xml;q=0.9,*/*;q=0.8
Accept-Language: en-US,en;q=0.5
Accept-Encoding: gzip, deflate
Connection: keep-alive
Upgrade-Insecure-Requests: 1

IP: ('127.0.0.1', 34368)
DATE: 2018-09-28 18:55:14.090862
GET / HTTP/1.1
Host: 127.0.0.1:8888
User-Agent: Mozilla/5.0 (X11; Ubuntu; Linux x86_64; rv:62.0) Gecko/20100101 Firefox/62.0
Accept: text/html,application/xhtml+xml,application/xml;q=0.9,*/*;q=0.8
Accept-Language: en-US,en;q=0.5
Accept-Encoding: gzip, deflate
Connection: keep-alive
Upgrade-Insecure-Requests: 1

IP: ('10.20.1.149', 45854)
DATE: 2018-09-28 19:08:04.077049
GET / HTTP/1.1
Host: 10.20.1.149:8888
User-Agent: curl/7.47.0
Accept: */*

IP: ('10.20.1.149', 45906)
DATE: 2018-09-28 19:09:30.991311
GET / HTTP/1.1
Host: 10.20.1.149:8888
User-Agent: curl/7.47.0
Accept: */*

IP: ('10.20.1.149', 45928)
DATE: 2018-09-28 19:10:01.325520
GET / HTTP/1.1
Host: 10.20.1.149:8888
User-Agent: curl/7.47.0
Accept: */*

IP: ('10.20.1.149', 45938)
DATE: 2018-09-28 19:10:22.852990
GET / HTTP/1.1
Host: 10.20.1.149:8888
User-Agent: curl/7.47.0
Accept: */*

IP: ('10.20.1.149', 46142)
DATE: 2018-09-28 19:15:44.768171
GET / HTTP/1.1
Host: 10.20.1.149:8888
Connection: keep-alive
Cache-Control: max-age=0
Upgrade-Insecure-Requests: 1
User-Agent: Mozilla/5.0 (X11; Linux x86_64) AppleWebKit/537.36 (KHTML, like Gecko) Ubuntu Chromium/69.0.3497.81 Chrome/69.0.3497.81 Safari/537.36
Accept: text/html,application/xhtml+xml,application/xml;q=0.9,image/webp,image/apng,*/*;q=0.8
Accept-Encoding: gzip, deflate
Accept-Language: en-US,en;q=0.9

IP: ('127.0.0.1', 35172)
DATE: 2018-09-28 19:16:02.753764
GET / HTTP/1.1
Host: 127.0.0.1:8888
User-Agent: Mozilla/5.0 (X11; Ubuntu; Linux x86_64; rv:62.0) Gecko/20100101 Firefox/62.0
Accept: text/html,application/xhtml+xml,application/xml;q=0.9,*/*;q=0.8
Accept-Language: en-US,en;q=0.5
Accept-Encoding: gzip, deflate
Connection: keep-alive
Upgrade-Insecure-Requests: 1

IP: ('127.0.0.1', 35196)
DATE: 2018-09-28 19:17:09.663564
GET / HTTP/1.1
Host: 127.0.0.1:8888
User-Agent: Mozilla/5.0 (X11; Ubuntu; Linux x86_64; rv:62.0) Gecko/20100101 Firefox/62.0
Accept: text/html,application/xhtml+xml,application/xml;q=0.9,*/*;q=0.8
Accept-Language: en-US,en;q=0.5
Accept-Encoding: gzip, deflate
Connection: keep-alive
Upgrade-Insecure-Requests: 1

IP: ('10.20.1.149', 46196)
DATE: 2018-09-28 19:17:42.286196
GET / HTTP/1.1
Host: 10.20.1.149:8888
Connection: keep-alive
Cache-Control: max-age=0
Upgrade-Insecure-Requests: 1
User-Agent: Mozilla/5.0 (X11; Linux x86_64) AppleWebKit/537.36 (KHTML, like Gecko) Ubuntu Chromium/69.0.3497.81 Chrome/69.0.3497.81 Safari/537.36
Accept: text/html,application/xhtml+xml,application/xml;q=0.9,image/webp,image/apng,*/*;q=0.8
Accept-Encoding: gzip, deflate
Accept-Language: en-US,en;q=0.9

IP: ('127.0.0.1', 35248)
DATE: 2018-09-28 19:18:50.211348
GET / HTTP/1.1
Host: 127.0.0.1:8888
User-Agent: Mozilla/5.0 (X11; Ubuntu; Linux x86_64; rv:62.0) Gecko/20100101 Firefox/62.0
Accept: text/html,application/xhtml+xml,application/xml;q=0.9,*/*;q=0.8
Accept-Language: en-US,en;q=0.5
Accept-Encoding: gzip, deflate
Connection: keep-alive
Upgrade-Insecure-Requests: 1

IP: ('127.0.0.1', 35264)
DATE: 2018-09-28 19:19:03.063817
GET / HTTP/1.1
Host: 127.0.0.1:8888
User-Agent: Mozilla/5.0 (X11; Ubuntu; Linux x86_64; rv:62.0) Gecko/20100101 Firefox/62.0
Accept: text/html,application/xhtml+xml,application/xml;q=0.9,*/*;q=0.8
Accept-Language: en-US,en;q=0.5
Accept-Encoding: gzip, deflate
Connection: keep-alive
Upgrade-Insecure-Requests: 1

IP: ('10.20.1.149', 46288)
DATE: 2018-09-28 19:20:32.117499
GET / HTTP/1.1
Host: 10.20.1.149:8888
Connection: keep-alive
Cache-Control: max-age=0
Upgrade-Insecure-Requests: 1
User-Agent: Mozilla/5.0 (X11; Linux x86_64) AppleWebKit/537.36 (KHTML, like Gecko) Ubuntu Chromium/69.0.3497.81 Chrome/69.0.3497.81 Safari/537.36
Accept: text/html,application/xhtml+xml,application/xml;q=0.9,image/webp,image/apng,*/*;q=0.8
Accept-Encoding: gzip, deflate
Accept-Language: en-US,en;q=0.9

IP: ('127.0.0.1', 35320)
DATE: 2018-09-28 19:21:12.922701
GET / HTTP/1.1
Host: 127.0.0.1:8888
User-Agent: Mozilla/5.0 (X11; Ubuntu; Linux x86_64; rv:62.0) Gecko/20100101 Firefox/62.0
Accept: text/html,application/xhtml+xml,application/xml;q=0.9,*/*;q=0.8
Accept-Language: en-US,en;q=0.5
Accept-Encoding: gzip, deflate
Connection: keep-alive
Upgrade-Insecure-Requests: 1

IP: ('127.0.0.1', 35386)
DATE: 2018-09-28 19:22:41.105633
GET / HTTP/1.1
Host: 127.0.0.1:8888
User-Agent: Mozilla/5.0 (X11; Ubuntu; Linux x86_64; rv:62.0) Gecko/20100101 Firefox/62.0
Accept: text/html,application/xhtml+xml,application/xml;q=0.9,*/*;q=0.8
Accept-Language: en-US,en;q=0.5
Accept-Encoding: gzip, deflate
Connection: keep-alive
Upgrade-Insecure-Requests: 1

IP: ('10.20.1.149', 46418)
DATE: 2018-09-28 19:24:40.560602
GET /hello.html HTTP/1.1
Host: 10.20.1.149:8888
Connection: keep-alive
Upgrade-Insecure-Requests: 1
User-Agent: Mozilla/5.0 (X11; Linux x86_64) AppleWebKit/537.36 (KHTML, like Gecko) Ubuntu Chromium/69.0.3497.81 Chrome/69.0.3497.81 Safari/537.36
Accept: text/html,application/xhtml+xml,application/xml;q=0.9,image/webp,image/apng,*/*;q=0.8
Accept-Encoding: gzip, deflate
Accept-Language: en-US,en;q=0.9

IP: ('127.0.0.1', 35442)
DATE: 2018-09-28 19:25:05.333739
GET / HTTP/1.1
Host: 127.0.0.1:8888
User-Agent: Mozilla/5.0 (X11; Ubuntu; Linux x86_64; rv:62.0) Gecko/20100101 Firefox/62.0
Accept: text/html,application/xhtml+xml,application/xml;q=0.9,*/*;q=0.8
Accept-Language: en-US,en;q=0.5
Accept-Encoding: gzip, deflate
Connection: keep-alive
Upgrade-Insecure-Requests: 1

IP: ('127.0.0.1', 35446)
DATE: 2018-09-28 19:25:08.542331
GET / HTTP/1.1
Host: 127.0.0.1:8888
User-Agent: Mozilla/5.0 (X11; Ubuntu; Linux x86_64; rv:62.0) Gecko/20100101 Firefox/62.0
Accept: text/html,application/xhtml+xml,application/xml;q=0.9,*/*;q=0.8
Accept-Language: en-US,en;q=0.5
Accept-Encoding: gzip, deflate
Connection: keep-alive
Upgrade-Insecure-Requests: 1

IP: ('127.0.0.1', 35456)
DATE: 2018-09-28 19:25:23.051013
GET /hello.html HTTP/1.1
Host: 127.0.0.1:8888
User-Agent: Mozilla/5.0 (X11; Ubuntu; Linux x86_64; rv:62.0) Gecko/20100101 Firefox/62.0
Accept: text/html,application/xhtml+xml,application/xml;q=0.9,*/*;q=0.8
Accept-Language: en-US,en;q=0.5
Accept-Encoding: gzip, deflate
Connection: keep-alive
Upgrade-Insecure-Requests: 1

IP: ('127.0.0.1', 35472)
DATE: 2018-09-28 19:25:32.326996
GET / HTTP/1.1
Host: 127.0.0.1:8888
User-Agent: Mozilla/5.0 (X11; Ubuntu; Linux x86_64; rv:62.0) Gecko/20100101 Firefox/62.0
Accept: text/html,application/xhtml+xml,application/xml;q=0.9,*/*;q=0.8
Accept-Language: en-US,en;q=0.5
Accept-Encoding: gzip, deflate
Connection: keep-alive
Upgrade-Insecure-Requests: 1

IP: ('127.0.0.1', 35474)
DATE: 2018-09-28 19:25:38.821415
GET /hello.html HTTP/1.1
Host: 127.0.0.1:8888
User-Agent: Mozilla/5.0 (X11; Ubuntu; Linux x86_64; rv:62.0) Gecko/20100101 Firefox/62.0
Accept: text/html,application/xhtml+xml,application/xml;q=0.9,*/*;q=0.8
Accept-Language: en-US,en;q=0.5
Accept-Encoding: gzip, deflate
Connection: keep-alive
Upgrade-Insecure-Requests: 1

IP: ('127.0.0.1', 35478)
DATE: 2018-09-28 19:25:43.252401
GET / HTTP/1.1
Host: 127.0.0.1:8888
User-Agent: Mozilla/5.0 (X11; Ubuntu; Linux x86_64; rv:62.0) Gecko/20100101 Firefox/62.0
Accept: text/html,application/xhtml+xml,application/xml;q=0.9,*/*;q=0.8
Accept-Language: en-US,en;q=0.5
Accept-Encoding: gzip, deflate
Connection: keep-alive
Upgrade-Insecure-Requests: 1

IP: ('127.0.0.1', 35480)
DATE: 2018-09-28 19:25:45.082214
GET /hello.html HTTP/1.1
Host: 127.0.0.1:8888
User-Agent: Mozilla/5.0 (X11; Ubuntu; Linux x86_64; rv:62.0) Gecko/20100101 Firefox/62.0
Accept: text/html,application/xhtml+xml,application/xml;q=0.9,*/*;q=0.8
Accept-Language: en-US,en;q=0.5
Accept-Encoding: gzip, deflate
Connection: keep-alive
Upgrade-Insecure-Requests: 1

IP: ('10.20.1.149', 46534)
DATE: 2018-09-28 19:28:34.482940
GET /hello.html HTTP/1.1
Host: 10.20.1.149:8888
Connection: keep-alive
Cache-Control: max-age=0
Upgrade-Insecure-Requests: 1
User-Agent: Mozilla/5.0 (X11; Linux x86_64) AppleWebKit/537.36 (KHTML, like Gecko) Ubuntu Chromium/69.0.3497.81 Chrome/69.0.3497.81 Safari/537.36
Accept: text/html,application/xhtml+xml,application/xml;q=0.9,image/webp,image/apng,*/*;q=0.8
Accept-Encoding: gzip, deflate
Accept-Language: en-US,en;q=0.9

IP: ('10.20.1.149', 46536)
DATE: 2018-09-28 19:28:34.552590
GET /favicon.ico HTTP/1.1
Host: 10.20.1.149:8888
Connection: keep-alive
User-Agent: Mozilla/5.0 (X11; Linux x86_64) AppleWebKit/537.36 (KHTML, like Gecko) Ubuntu Chromium/69.0.3497.81 Chrome/69.0.3497.81 Safari/537.36
Accept: image/webp,image/apng,image/*,*/*;q=0.8
Referer: http://10.20.1.149:8888/hello.html
Accept-Encoding: gzip, deflate
Accept-Language: en-US,en;q=0.9

IP: ('10.20.1.149', 46538)
DATE: 2018-09-28 19:28:38.216123
GET /hello.html HTTP/1.1
Host: 10.20.1.149:8888
Connection: keep-alive
Cache-Control: max-age=0
Upgrade-Insecure-Requests: 1
User-Agent: Mozilla/5.0 (X11; Linux x86_64) AppleWebKit/537.36 (KHTML, like Gecko) Ubuntu Chromium/69.0.3497.81 Chrome/69.0.3497.81 Safari/537.36
Accept: text/html,application/xhtml+xml,application/xml;q=0.9,image/webp,image/apng,*/*;q=0.8
Accept-Encoding: gzip, deflate
Accept-Language: en-US,en;q=0.9

IP: ('10.20.1.149', 46540)
DATE: 2018-09-28 19:28:40.492641
GET /hello.html HTTP/1.1
Host: 10.20.1.149:8888
Connection: keep-alive
Cache-Control: max-age=0
Upgrade-Insecure-Requests: 1
User-Agent: Mozilla/5.0 (X11; Linux x86_64) AppleWebKit/537.36 (KHTML, like Gecko) Ubuntu Chromium/69.0.3497.81 Chrome/69.0.3497.81 Safari/537.36
Accept: text/html,application/xhtml+xml,application/xml;q=0.9,image/webp,image/apng,*/*;q=0.8
Accept-Encoding: gzip, deflate
Accept-Language: en-US,en;q=0.9

IP: ('10.20.1.149', 46542)
DATE: 2018-09-28 19:28:43.210087
GET / HTTP/1.1
Host: 10.20.1.149:8888
Connection: keep-alive
Purpose: prefetch
Upgrade-Insecure-Requests: 1
User-Agent: Mozilla/5.0 (X11; Linux x86_64) AppleWebKit/537.36 (KHTML, like Gecko) Ubuntu Chromium/69.0.3497.81 Chrome/69.0.3497.81 Safari/537.36
Accept: text/html,application/xhtml+xml,application/xml;q=0.9,image/webp,image/apng,*/*;q=0.8
Accept-Encoding: gzip, deflate
Accept-Language: en-US,en;q=0.9

IP: ('10.20.1.149', 46544)
DATE: 2018-09-28 19:28:43.247168
GET /favicon.ico HTTP/1.1
Host: 10.20.1.149:8888
Connection: keep-alive
User-Agent: Mozilla/5.0 (X11; Linux x86_64) AppleWebKit/537.36 (KHTML, like Gecko) Ubuntu Chromium/69.0.3497.81 Chrome/69.0.3497.81 Safari/537.36
Accept: image/webp,image/apng,image/*,*/*;q=0.8
Referer: http://10.20.1.149:8888/hello.html
Accept-Encoding: gzip, deflate
Accept-Language: en-US,en;q=0.9

IP: ('10.20.1.149', 46546)
DATE: 2018-09-28 19:28:43.838216
GET /favicon.ico HTTP/1.1
Host: 10.20.1.149:8888
Connection: keep-alive
User-Agent: Mozilla/5.0 (X11; Linux x86_64) AppleWebKit/537.36 (KHTML, like Gecko) Ubuntu Chromium/69.0.3497.81 Chrome/69.0.3497.81 Safari/537.36
Accept: image/webp,image/apng,image/*,*/*;q=0.8
Referer: http://10.20.1.149:8888/
Accept-Encoding: gzip, deflate
Accept-Language: en-US,en;q=0.9

IP: ('10.20.1.149', 46548)
DATE: 2018-09-28 19:28:48.917197
GET /hello.html HTTP/1.1
Host: 10.20.1.149:8888
Connection: keep-alive
Upgrade-Insecure-Requests: 1
User-Agent: Mozilla/5.0 (X11; Linux x86_64) AppleWebKit/537.36 (KHTML, like Gecko) Ubuntu Chromium/69.0.3497.81 Chrome/69.0.3497.81 Safari/537.36
Accept: text/html,application/xhtml+xml,application/xml;q=0.9,image/webp,image/apng,*/*;q=0.8
Accept-Encoding: gzip, deflate
Accept-Language: en-US,en;q=0.9

IP: ('10.20.1.149', 46550)
DATE: 2018-09-28 19:28:53.135507
GET / HTTP/1.1
Host: 10.20.1.149:8888
Connection: keep-alive
Upgrade-Insecure-Requests: 1
User-Agent: Mozilla/5.0 (X11; Linux x86_64) AppleWebKit/537.36 (KHTML, like Gecko) Ubuntu Chromium/69.0.3497.81 Chrome/69.0.3497.81 Safari/537.36
Accept: text/html,application/xhtml+xml,application/xml;q=0.9,image/webp,image/apng,*/*;q=0.8
Accept-Encoding: gzip, deflate
Accept-Language: en-US,en;q=0.9

IP: ('10.20.1.149', 46552)
DATE: 2018-09-28 19:28:56.699317
GET /hello.html HTTP/1.1
Host: 10.20.1.149:8888
Connection: keep-alive
Upgrade-Insecure-Requests: 1
User-Agent: Mozilla/5.0 (X11; Linux x86_64) AppleWebKit/537.36 (KHTML, like Gecko) Ubuntu Chromium/69.0.3497.81 Chrome/69.0.3497.81 Safari/537.36
Accept: text/html,application/xhtml+xml,application/xml;q=0.9,image/webp,image/apng,*/*;q=0.8
Accept-Encoding: gzip, deflate
Accept-Language: en-US,en;q=0.9

IP: ('127.0.0.1', 35574)
DATE: 2018-09-28 19:29:07.089002
GET /hello.html HTTP/1.1
Host: 127.0.0.1:8888
User-Agent: Mozilla/5.0 (X11; Ubuntu; Linux x86_64; rv:62.0) Gecko/20100101 Firefox/62.0
Accept: text/html,application/xhtml+xml,application/xml;q=0.9,*/*;q=0.8
Accept-Language: en-US,en;q=0.5
Accept-Encoding: gzip, deflate
Connection: keep-alive
Upgrade-Insecure-Requests: 1

IP: ('127.0.0.1', 35578)
DATE: 2018-09-28 19:29:08.397325
GET / HTTP/1.1
Host: 127.0.0.1:8888
User-Agent: Mozilla/5.0 (X11; Ubuntu; Linux x86_64; rv:62.0) Gecko/20100101 Firefox/62.0
Accept: text/html,application/xhtml+xml,application/xml;q=0.9,*/*;q=0.8
Accept-Language: en-US,en;q=0.5
Accept-Encoding: gzip, deflate
Connection: keep-alive
Upgrade-Insecure-Requests: 1

IP: ('127.0.0.1', 35580)
DATE: 2018-09-28 19:29:09.673734
GET /hello.html HTTP/1.1
Host: 127.0.0.1:8888
User-Agent: Mozilla/5.0 (X11; Ubuntu; Linux x86_64; rv:62.0) Gecko/20100101 Firefox/62.0
Accept: text/html,application/xhtml+xml,application/xml;q=0.9,*/*;q=0.8
Accept-Language: en-US,en;q=0.5
Accept-Encoding: gzip, deflate
Connection: keep-alive
Upgrade-Insecure-Requests: 1

IP: ('127.0.0.1', 35582)
DATE: 2018-09-28 19:29:11.064021
GET / HTTP/1.1
Host: 127.0.0.1:8888
User-Agent: Mozilla/5.0 (X11; Ubuntu; Linux x86_64; rv:62.0) Gecko/20100101 Firefox/62.0
Accept: text/html,application/xhtml+xml,application/xml;q=0.9,*/*;q=0.8
Accept-Language: en-US,en;q=0.5
Accept-Encoding: gzip, deflate
Connection: keep-alive
Upgrade-Insecure-Requests: 1

IP: ('127.0.0.1', 35584)
DATE: 2018-09-28 19:29:12.418442
GET /hello.html HTTP/1.1
Host: 127.0.0.1:8888
User-Agent: Mozilla/5.0 (X11; Ubuntu; Linux x86_64; rv:62.0) Gecko/20100101 Firefox/62.0
Accept: text/html,application/xhtml+xml,application/xml;q=0.9,*/*;q=0.8
Accept-Language: en-US,en;q=0.5
Accept-Encoding: gzip, deflate
Connection: keep-alive
Upgrade-Insecure-Requests: 1

