Error Info:
2018-09-28 18:53:58.336972
[Errno 4] Interrupted system call

Error Info:
2018-09-28 18:53:58.796446
[Errno 4] Interrupted system call

Error Info:
2018-09-28 18:53:59.110499
[Errno 4] Interrupted system call

Error Info:
2018-09-28 18:53:59.268531
[Errno 4] Interrupted system call
Error Info:
2018-09-28 19:10:01.325961
get_requested_file() takes no arguments (2 given)

Error Info:
2018-09-28 19:10:22.853392
shutdown() takes exactly one argument (0 given)

Error Info:
2018-09-28 19:15:44.768551
get_requested_file() takes exactly 1 argument (2 given)

Error Info:
2018-09-28 19:16:02.754119
get_requested_file() takes exactly 1 argument (2 given)

Error Info:
2018-09-28 19:17:09.663970
get_requested_file() takes exactly 1 argument (2 given)

Error Info:
2018-09-28 19:17:42.286610
get_requested_file() takes exactly 1 argument (2 given)

Error Info:
2018-09-28 19:18:50.212142
get_requested_file() takes exactly 1 argument (2 given)

Error Info:
2018-09-28 19:19:03.064299
get_requested_file() takes exactly 1 argument (2 given)

Error Info:
2018-09-28 19:20:32.117931
get_requested_file() takes exactly 1 argument (2 given)

Error Info:
2018-09-28 19:21:12.923150
get_requested_file() takes exactly 1 argument (2 given)

Error Info:
2018-09-28 19:24:40.561162
cannot concatenate 'str' and 'NoneType' objects

Error Info:
2018-09-28 19:25:23.077506
list index out of range

